#
# There is insufficient memory for the Java Runtime Environment to continue.
# Native memory allocation (malloc) failed to allocate 1172176 bytes for Chunk::new
# Possible reasons:
#   The system is out of physical RAM or swap space
#   The process is running with CompressedOops enabled, and the Java Heap may be blocking the growth of the native heap
# Possible solutions:
#   Reduce memory load on the system
#   Increase physical memory or swap space
#   Check if swap backing store is full
#   Decrease Java heap size (-Xmx/-Xms)
#   Decrease number of Java threads
#   Decrease Java thread stack sizes (-Xss)
#   Set larger code cache with -XX:ReservedCodeCacheSize=
#   JVM is running with Unscaled Compressed Oops mode in which the Java heap is
#     placed in the first 4GB address space. The Java Heap base address is the
#     maximum limit for the native heap growth. Please use -XX:HeapBaseMinAddress
#     to set the Java Heap base and to place the Java Heap above 4GB virtual address.
# This output file may be truncated or incomplete.
#
#  Out of Memory Error (allocation.cpp:389), pid=20728, tid=0x0000000000005fe4
#
# JRE version: Java(TM) SE Runtime Environment (8.0_202-b08) (build 1.8.0_202-b08)
# Java VM: Java HotSpot(TM) 64-Bit Server VM (25.202-b08 mixed mode windows-amd64 compressed oops)
# Failed to write core dump. Minidumps are not enabled by default on client versions of Windows
#

---------------  T H R E A D  ---------------

Current thread (0x000000001936b800):  JavaThread "C2 CompilerThread1" daemon [_thread_in_native, id=24548, stack(0x0000000019bd0000,0x0000000019cd0000)]

Stack: [0x0000000019bd0000,0x0000000019cd0000]
[error occurred during error reporting (printing stack bounds), id 0xc0000005]

Native frames: (J=compiled Java code, j=interpreted, Vv=VM code, C=native code)


Current CompileTask:
C2: 299588 8953   !   4       org.eclipse.jdt.internal.compiler.classfmt.ClassFileReader::<init> (1940 bytes)


---------------  P R O C E S S  ---------------

Java Threads: ( => current thread )
  0x000000001a1ba800 JavaThread "DestroyJavaVM" [_thread_blocked, id=23460, stack(0x0000000002c40000,0x0000000002d40000)]
  0x000000001a1bb000 JavaThread "http-nio-9992-Acceptor" daemon [_thread_in_native, id=1888, stack(0x00000000239e0000,0x0000000023ae0000)]
  0x000000001a1bc000 JavaThread "http-nio-9992-ClientPoller" daemon [_thread_in_native, id=23724, stack(0x00000000238e0000,0x00000000239e0000)]
  0x000000001a1b9800 JavaThread "http-nio-9992-exec-10" daemon [_thread_blocked, id=21148, stack(0x00000000237e0000,0x00000000238e0000)]
  0x000000001a1b8000 JavaThread "http-nio-9992-exec-9" daemon [_thread_blocked, id=22176, stack(0x00000000236e0000,0x00000000237e0000)]
  0x000000001a1b6000 JavaThread "http-nio-9992-exec-8" daemon [_thread_blocked, id=15240, stack(0x00000000235e0000,0x00000000236e0000)]
  0x000000001de94000 JavaThread "http-nio-9992-exec-7" daemon [_thread_blocked, id=11452, stack(0x00000000234e0000,0x00000000235e0000)]
  0x000000001de91000 JavaThread "http-nio-9992-exec-6" daemon [_thread_blocked, id=8068, stack(0x00000000233e0000,0x00000000234e0000)]
  0x000000001de97800 JavaThread "http-nio-9992-exec-5" daemon [_thread_blocked, id=20056, stack(0x00000000232e0000,0x00000000233e0000)]
  0x000000001de93000 JavaThread "http-nio-9992-exec-4" daemon [_thread_blocked, id=7920, stack(0x00000000231e0000,0x00000000232e0000)]
  0x000000001de97000 JavaThread "http-nio-9992-exec-3" daemon [_thread_blocked, id=19804, stack(0x00000000230e0000,0x00000000231e0000)]
  0x000000001de96000 JavaThread "http-nio-9992-exec-2" daemon [_thread_blocked, id=16020, stack(0x0000000022fe0000,0x00000000230e0000)]
  0x000000001de91800 JavaThread "http-nio-9992-exec-1" daemon [_thread_blocked, id=22284, stack(0x0000000022ee0000,0x0000000022fe0000)]
  0x000000001de95800 JavaThread "http-nio-9992-BlockPoller" daemon [_thread_in_native, id=19956, stack(0x0000000022de0000,0x0000000022ee0000)]
  0x000000001de94800 JavaThread "scheduling-1" [_thread_blocked, id=14216, stack(0x0000000022ce0000,0x0000000022de0000)]
  0x000000001de92800 JavaThread "Live Reload Server" daemon [_thread_in_native, id=7792, stack(0x00000000218d0000,0x00000000219d0000)]
  0x000000001f178800 JavaThread "File Watcher" daemon [_thread_blocked, id=23540, stack(0x0000000022be0000,0x0000000022ce0000)]
  0x000000001f17b000 JavaThread "Druid-ConnectionPool-Destroy-1368045707" daemon [_thread_blocked, id=9540, stack(0x00000000209c0000,0x0000000020ac0000)]
  0x000000001e9ab000 JavaThread "Druid-ConnectionPool-Create-1368045707" daemon [_thread_blocked, id=21220, stack(0x00000000208c0000,0x00000000209c0000)]
  0x000000001cddf000 JavaThread "mysql-cj-abandoned-connection-cleanup" daemon [_thread_blocked, id=14568, stack(0x00000000207c0000,0x00000000208c0000)]
  0x000000001a1db000 JavaThread "container-0" [_thread_blocked, id=18496, stack(0x00000000204c0000,0x00000000205c0000)]
  0x000000001dc0c800 JavaThread "Catalina-utility-2" [_thread_blocked, id=9348, stack(0x00000000203c0000,0x00000000204c0000)]
  0x000000001dc0b800 JavaThread "Catalina-utility-1" [_thread_blocked, id=22664, stack(0x000000001bb50000,0x000000001bc50000)]
  0x00000000193fc800 JavaThread "Service Thread" daemon [_thread_blocked, id=24540, stack(0x0000000019ed0000,0x0000000019fd0000)]
  0x0000000019372800 JavaThread "C1 CompilerThread3" daemon [_thread_blocked, id=5736, stack(0x0000000019dd0000,0x0000000019ed0000)]
  0x000000001936e800 JavaThread "C2 CompilerThread2" daemon [_thread_blocked, id=24552, stack(0x0000000019cd0000,0x0000000019dd0000)]
=>0x000000001936b800 JavaThread "C2 CompilerThread1" daemon [_thread_in_native, id=24548, stack(0x0000000019bd0000,0x0000000019cd0000)]
  0x0000000019369000 JavaThread "C2 CompilerThread0" daemon [_thread_blocked, id=24528, stack(0x0000000019ad0000,0x0000000019bd0000)]
  0x0000000019367800 JavaThread "Attach Listener" daemon [_thread_blocked, id=24396, stack(0x00000000199d0000,0x0000000019ad0000)]
  0x0000000019312800 JavaThread "Signal Dispatcher" daemon [_thread_blocked, id=24372, stack(0x00000000198d0000,0x00000000199d0000)]
  0x00000000192f1000 JavaThread "Finalizer" daemon [_thread_blocked, id=7676, stack(0x00000000197d0000,0x00000000198d0000)]
  0x00000000192f0800 JavaThread "Reference Handler" daemon [_thread_blocked, id=19268, stack(0x00000000196d0000,0x00000000197d0000)]

Other Threads:
  0x00000000174f9800 VMThread [stack: 0x00000000191d0000,0x00000000192d0000] [id=7428]
  0x000000001944b000 WatcherThread [stack: 0x0000000019fd0000,0x000000001a0d0000] [id=21112]

VM state:not at safepoint (normal execution)

VM Mutex/Monitor currently owned by a thread: None

heap address: 0x0000000090a00000, size: 1782 MB, Compressed Oops mode: 32-bit
Narrow klass base: 0x0000000000000000, Narrow klass shift: 3
Compressed class space size: 1073741824 Address: 0x0000000100000000

Heap:
 PSYoungGen      total 252416K, used 132685K [0x00000000dae00000, 0x00000000ec680000, 0x0000000100000000)
  eden space 248320K, 51% used [0x00000000dae00000,0x00000000e2be1de8,0x00000000ea080000)
  from space 4096K, 92% used [0x00000000eaa00000,0x00000000eadb17a0,0x00000000eae00000)
  to   space 19456K, 0% used [0x00000000eb380000,0x00000000eb380000,0x00000000ec680000)
 ParOldGen       total 120320K, used 34532K [0x0000000090a00000, 0x0000000097f80000, 0x00000000dae00000)
  object space 120320K, 28% used [0x0000000090a00000,0x0000000092bb9108,0x0000000097f80000)
 Metaspace       used 62690K, capacity 65340K, committed 65496K, reserved 1107968K
  class space    used 7158K, capacity 7586K, committed 7680K, reserved 1048576K

Card table byte_map: [0x0000000012200000,0x0000000012580000] byte_map_base: 0x0000000011d7b000

Marking Bits: (ParMarkBitMap*) 0x0000000055365ce0
 Begin Bits: [0x0000000012fe0000, 0x0000000014bb8000)
 End Bits:   [0x0000000014bb8000, 0x0000000016790000)

Polling page: 0x0000000002680000

CodeCache: size=245760Kb used=26795Kb max_used=26914Kb free=218964Kb
 bounds [0x0000000002e40000, 0x00000000048c0000, 0x0000000011e40000]
 total_blobs=8077 nmethods=7521 adapters=467
 compilation: enabled

Compilation events (10 events):
Event: 299.425 Thread 0x000000001936e800 nmethod 8996 0x00000000043d85d0 code [0x00000000043d8700, 0x00000000043d87d8]
Event: 299.425 Thread 0x000000001936e800 8983       4       org.eclipse.jdt.internal.compiler.ast.MessageSend::detectAssertionUtility (370 bytes)
Event: 299.426 Thread 0x0000000019369000 nmethod 9010 0x0000000004188510 code [0x0000000004188680, 0x0000000004188b48]
Event: 299.426 Thread 0x0000000019369000 9025       4       java.lang.ref.WeakReference::<init> (7 bytes)
Event: 299.426 Thread 0x0000000019372800 9026       3       org.apache.coyote.http11.Http11Processor::prepareSendfile (94 bytes)
Event: 299.427 Thread 0x0000000019369000 nmethod 9025 0x00000000041c3350 code [0x00000000041c3480, 0x00000000041c3518]
Event: 299.427 Thread 0x0000000019372800 nmethod 9026 0x00000000043d8c90 code [0x00000000043d8ea0, 0x00000000043d9bc8]
Event: 299.427 Thread 0x0000000019372800 9027       3       org.apache.tomcat.util.net.NioEndpoint$Poller::add (87 bytes)
Event: 299.429 Thread 0x0000000019372800 nmethod 9027 0x00000000041896d0 code [0x00000000041898e0, 0x000000000418a5f8]
Event: 299.431 Thread 0x000000001936e800 nmethod 8983 0x000000000467eed0 code [0x000000000467f0e0, 0x000000000467f658]

GC Heap History (10 events):
Event: 23.246 GC heap before
{Heap before GC invocations=14 (full 3):
 PSYoungGen      total 204800K, used 14837K [0x00000000dae00000, 0x00000000eb480000, 0x0000000100000000)
  eden space 189952K, 0% used [0x00000000dae00000,0x00000000dae00000,0x00000000e6780000)
  from space 14848K, 99% used [0x00000000e6780000,0x00000000e75fd450,0x00000000e7600000)
  to   space 19968K, 0% used [0x00000000ea100000,0x00000000ea100000,0x00000000eb480000)
 ParOldGen       total 77312K, used 24778K [0x0000000090a00000, 0x0000000095580000, 0x00000000dae00000)
  object space 77312K, 32% used [0x0000000090a00000,0x00000000922329c8,0x0000000095580000)
 Metaspace       used 56675K, capacity 58850K, committed 59096K, reserved 1101824K
  class space    used 6775K, capacity 7153K, committed 7168K, reserved 1048576K
Event: 23.427 GC heap after
Heap after GC invocations=14 (full 3):
 PSYoungGen      total 204800K, used 0K [0x00000000dae00000, 0x00000000eb480000, 0x0000000100000000)
  eden space 189952K, 0% used [0x00000000dae00000,0x00000000dae00000,0x00000000e6780000)
  from space 14848K, 0% used [0x00000000e6780000,0x00000000e6780000,0x00000000e7600000)
  to   space 19968K, 0% used [0x00000000ea100000,0x00000000ea100000,0x00000000eb480000)
 ParOldGen       total 120320K, used 34508K [0x0000000090a00000, 0x0000000097f80000, 0x00000000dae00000)
  object space 120320K, 28% used [0x0000000090a00000,0x0000000092bb3108,0x0000000097f80000)
 Metaspace       used 56664K, capacity 58832K, committed 59096K, reserved 1101824K
  class space    used 6773K, capacity 7150K, committed 7168K, reserved 1048576K
}
Event: 47.029 GC heap before
{Heap before GC invocations=15 (full 3):
 PSYoungGen      total 204800K, used 189952K [0x00000000dae00000, 0x00000000eb480000, 0x0000000100000000)
  eden space 189952K, 100% used [0x00000000dae00000,0x00000000e6780000,0x00000000e6780000)
  from space 14848K, 0% used [0x00000000e6780000,0x00000000e6780000,0x00000000e7600000)
  to   space 19968K, 0% used [0x00000000ea100000,0x00000000ea100000,0x00000000eb480000)
 ParOldGen       total 120320K, used 34508K [0x0000000090a00000, 0x0000000097f80000, 0x00000000dae00000)
  object space 120320K, 28% used [0x0000000090a00000,0x0000000092bb3108,0x0000000097f80000)
 Metaspace       used 61742K, capacity 64228K, committed 64472K, reserved 1105920K
  class space    used 7144K, capacity 7569K, committed 7680K, reserved 1048576K
Event: 47.036 GC heap after
Heap after GC invocations=15 (full 3):
 PSYoungGen      total 245760K, used 6589K [0x00000000dae00000, 0x00000000eb280000, 0x0000000100000000)
  eden space 227840K, 0% used [0x00000000dae00000,0x00000000dae00000,0x00000000e8c80000)
  from space 17920K, 36% used [0x00000000ea100000,0x00000000ea76f7f8,0x00000000eb280000)
  to   space 19456K, 0% used [0x00000000e8c80000,0x00000000e8c80000,0x00000000e9f80000)
 ParOldGen       total 120320K, used 34516K [0x0000000090a00000, 0x0000000097f80000, 0x00000000dae00000)
  object space 120320K, 28% used [0x0000000090a00000,0x0000000092bb5108,0x0000000097f80000)
 Metaspace       used 61742K, capacity 64228K, committed 64472K, reserved 1105920K
  class space    used 7144K, capacity 7569K, committed 7680K, reserved 1048576K
}
Event: 106.950 GC heap before
{Heap before GC invocations=16 (full 3):
 PSYoungGen      total 245760K, used 234429K [0x00000000dae00000, 0x00000000eb280000, 0x0000000100000000)
  eden space 227840K, 100% used [0x00000000dae00000,0x00000000e8c80000,0x00000000e8c80000)
  from space 17920K, 36% used [0x00000000ea100000,0x00000000ea76f7f8,0x00000000eb280000)
  to   space 19456K, 0% used [0x00000000e8c80000,0x00000000e8c80000,0x00000000e9f80000)
 ParOldGen       total 120320K, used 34516K [0x0000000090a00000, 0x0000000097f80000, 0x00000000dae00000)
  object space 120320K, 28% used [0x0000000090a00000,0x0000000092bb5108,0x0000000097f80000)
 Metaspace       used 62166K, capacity 64676K, committed 64984K, reserved 1105920K
  class space    used 7153K, capacity 7580K, committed 7680K, reserved 1048576K
Event: 106.956 GC heap after
Heap after GC invocations=16 (full 3):
 PSYoungGen      total 247296K, used 4365K [0x00000000dae00000, 0x00000000ed700000, 0x0000000100000000)
  eden space 227840K, 0% used [0x00000000dae00000,0x00000000dae00000,0x00000000e8c80000)
  from space 19456K, 22% used [0x00000000e8c80000,0x00000000e90c3668,0x00000000e9f80000)
  to   space 19456K, 0% used [0x00000000ec400000,0x00000000ec400000,0x00000000ed700000)
 ParOldGen       total 120320K, used 34524K [0x0000000090a00000, 0x0000000097f80000, 0x00000000dae00000)
  object space 120320K, 28% used [0x0000000090a00000,0x0000000092bb7108,0x0000000097f80000)
 Metaspace       used 62166K, capacity 64676K, committed 64984K, reserved 1105920K
  class space    used 7153K, capacity 7580K, committed 7680K, reserved 1048576K
}
Event: 179.448 GC heap before
{Heap before GC invocations=17 (full 3):
 PSYoungGen      total 247296K, used 232205K [0x00000000dae00000, 0x00000000ed700000, 0x0000000100000000)
  eden space 227840K, 100% used [0x00000000dae00000,0x00000000e8c80000,0x00000000e8c80000)
  from space 19456K, 22% used [0x00000000e8c80000,0x00000000e90c3668,0x00000000e9f80000)
  to   space 19456K, 0% used [0x00000000ec400000,0x00000000ec400000,0x00000000ed700000)
 ParOldGen       total 120320K, used 34524K [0x0000000090a00000, 0x0000000097f80000, 0x00000000dae00000)
  object space 120320K, 28% used [0x0000000090a00000,0x0000000092bb7108,0x0000000097f80000)
 Metaspace       used 62238K, capacity 64740K, committed 64984K, reserved 1105920K
  class space    used 7153K, capacity 7580K, committed 7680K, reserved 1048576K
Event: 179.453 GC heap after
Heap after GC invocations=17 (full 3):
 PSYoungGen      total 270336K, used 4308K [0x00000000dae00000, 0x00000000ed000000, 0x0000000100000000)
  eden space 258048K, 0% used [0x00000000dae00000,0x00000000dae00000,0x00000000eaa00000)
  from space 12288K, 35% used [0x00000000ec400000,0x00000000ec835330,0x00000000ed000000)
  to   space 19456K, 0% used [0x00000000eaa00000,0x00000000eaa00000,0x00000000ebd00000)
 ParOldGen       total 120320K, used 34532K [0x0000000090a00000, 0x0000000097f80000, 0x00000000dae00000)
  object space 120320K, 28% used [0x0000000090a00000,0x0000000092bb9108,0x0000000097f80000)
 Metaspace       used 62238K, capacity 64740K, committed 64984K, reserved 1105920K
  class space    used 7153K, capacity 7580K, committed 7680K, reserved 1048576K
}
Event: 272.264 GC heap before
{Heap before GC invocations=18 (full 3):
 PSYoungGen      total 270336K, used 262356K [0x00000000dae00000, 0x00000000ed000000, 0x0000000100000000)
  eden space 258048K, 100% used [0x00000000dae00000,0x00000000eaa00000,0x00000000eaa00000)
  from space 12288K, 35% used [0x00000000ec400000,0x00000000ec835330,0x00000000ed000000)
  to   space 19456K, 0% used [0x00000000eaa00000,0x00000000eaa00000,0x00000000ebd00000)
 ParOldGen       total 120320K, used 34532K [0x0000000090a00000, 0x0000000097f80000, 0x00000000dae00000)
  object space 120320K, 28% used [0x0000000090a00000,0x0000000092bb9108,0x0000000097f80000)
 Metaspace       used 62251K, capacity 64804K, committed 64984K, reserved 1105920K
  class space    used 7153K, capacity 7580K, committed 7680K, reserved 1048576K
Event: 272.269 GC heap after
Heap after GC invocations=18 (full 3):
 PSYoungGen      total 252416K, used 3781K [0x00000000dae00000, 0x00000000ec680000, 0x0000000100000000)
  eden space 248320K, 0% used [0x00000000dae00000,0x00000000dae00000,0x00000000ea080000)
  from space 4096K, 92% used [0x00000000eaa00000,0x00000000eadb17a0,0x00000000eae00000)
  to   space 19456K, 0% used [0x00000000eb380000,0x00000000eb380000,0x00000000ec680000)
 ParOldGen       total 120320K, used 34532K [0x0000000090a00000, 0x0000000097f80000, 0x00000000dae00000)
  object space 120320K, 28% used [0x0000000090a00000,0x0000000092bb9108,0x0000000097f80000)
 Metaspace       used 62251K, capacity 64804K, committed 64984K, reserved 1105920K
  class space    used 7153K, capacity 7580K, committed 7680K, reserved 1048576K
}

Deoptimization events (10 events):
Event: 36.071 Thread 0x000000001de93000 Uncommon trap: reason=class_check action=maybe_recompile pc=0x00000000042f6610 method=java.util.Collections$UnmodifiableCollection.isEmpty()Z @ 4
Event: 36.072 Thread 0x000000001de93000 Uncommon trap: reason=class_check action=maybe_recompile pc=0x00000000042f6610 method=java.util.Collections$UnmodifiableCollection.isEmpty()Z @ 4
Event: 37.904 Thread 0x000000001de97800 Uncommon trap: reason=class_check action=maybe_recompile pc=0x00000000030436d4 method=java.lang.String.equals(Ljava/lang/Object;)Z @ 8
Event: 38.486 Thread 0x000000001a1b6000 Uncommon trap: reason=class_check action=maybe_recompile pc=0x00000000042e11d4 method=org.springframework.util.StringUtils.containsText(Ljava/lang/CharSequence;)Z @ 1
Event: 44.454 Thread 0x000000001de97800 Uncommon trap: reason=unstable_if action=reinterpret pc=0x000000000396e1f4 method=org.apache.jasper.compiler.PageDataImpl$SecondPassVisitor.escapeCDATA(Ljava/lang/String;)Ljava/lang/String; @ 46
Event: 44.883 Thread 0x000000001de97800 Uncommon trap: reason=unstable_if action=reinterpret pc=0x0000000003c9c218 method=org.eclipse.jdt.internal.compiler.codegen.CharArrayCache.putIfAbsent([CI)I @ 45
Event: 45.413 Thread 0x000000001de91800 Uncommon trap: reason=class_check action=maybe_recompile pc=0x00000000042e11d4 method=org.springframework.util.StringUtils.containsText(Ljava/lang/CharSequence;)Z @ 1
Event: 50.402 Thread 0x000000001de97800 Uncommon trap: reason=unstable_if action=reinterpret pc=0x0000000003d5d780 method=java.util.regex.Pattern$Curly.match(Ljava/util/regex/Matcher;ILjava/lang/CharSequence;)Z @ 45
Event: 50.451 Thread 0x000000001de97800 Uncommon trap: reason=unstable_if action=reinterpret pc=0x0000000002fda35c method=org.eclipse.jdt.internal.compiler.parser.Scanner.internalScanIdentifierOrKeyword(II[C)I @ 1466
Event: 120.844 Thread 0x000000001a1b9800 Uncommon trap: reason=class_check action=maybe_recompile pc=0x00000000042e11d4 method=org.springframework.util.StringUtils.containsText(Ljava/lang/CharSequence;)Z @ 1

Classes redefined (0 events):
No events

Internal exceptions (10 events):
Event: 44.499 Thread 0x000000001de97800 Exception <a 'java/lang/ClassNotFoundException': org/apache/taglibs/standard/tag/common/core/SetSupportBeanInfo> (0x00000000e4687278) thrown at [C:\re\workspace\8-2-build-windows-amd64-cygwin\jdk8u202\12323\hotspot\src\share\vm\classfile\systemDictionary.
Event: 44.501 Thread 0x000000001de97800 Exception <a 'java/lang/ClassNotFoundException': javax/servlet/jsp/tagext/BodyTagSupportBeanInfo> (0x00000000e46a2c58) thrown at [C:\re\workspace\8-2-build-windows-amd64-cygwin\jdk8u202\12323\hotspot\src\share\vm\classfile\systemDictionary.cpp, line 210]
Event: 44.503 Thread 0x000000001de97800 Exception <a 'java/lang/ClassNotFoundException': javax/servlet/jsp/tagext/BodyTagSupportCustomizer> (0x00000000e46bed58) thrown at [C:\re\workspace\8-2-build-windows-amd64-cygwin\jdk8u202\12323\hotspot\src\share\vm\classfile\systemDictionary.cpp, line 210
Event: 44.507 Thread 0x000000001de97800 Exception <a 'java/lang/ClassNotFoundException': org/apache/taglibs/standard/tag/common/core/SetSupportCustomizer> (0x00000000e46ea0c0) thrown at [C:\re\workspace\8-2-build-windows-amd64-cygwin\jdk8u202\12323\hotspot\src\share\vm\classfile\systemDictionar
Event: 44.510 Thread 0x000000001de97800 Exception <a 'java/lang/ClassNotFoundException': org/apache/taglibs/standard/tag/rt/core/SetTagCustomizer> (0x00000000e470f6f8) thrown at [C:\re\workspace\8-2-build-windows-amd64-cygwin\jdk8u202\12323\hotspot\src\share\vm\classfile\systemDictionary.cpp, l
Event: 44.538 Thread 0x000000001de97800 Exception <a 'java/lang/ArrayIndexOutOfBoundsException'> (0x00000000e4a7b430) thrown at [C:\re\workspace\8-2-build-windows-amd64-cygwin\jdk8u202\12323\hotspot\src\share\vm\runtime\sharedRuntime.cpp, line 605]
Event: 44.924 Thread 0x000000001de97800 Exception <a 'java/lang/ClassNotFoundException': com/baomidou/mybatisplus/extension/plugins/pagination/PageBeanInfo> (0x00000000e5d26eb8) thrown at [C:\re\workspace\8-2-build-windows-amd64-cygwin\jdk8u202\12323\hotspot\src\share\vm\classfile\systemDiction
Event: 44.927 Thread 0x000000001de97800 Exception <a 'java/lang/ClassNotFoundException': com/baomidou/mybatisplus/extension/plugins/pagination/PageCustomizer> (0x00000000e5d48f90) thrown at [C:\re\workspace\8-2-build-windows-amd64-cygwin\jdk8u202\12323\hotspot\src\share\vm\classfile\systemDicti
Event: 50.753 Thread 0x000000001de97800 Exception <a 'java/lang/ClassNotFoundException': com/example/ssm/rental/entity/MessageBeanInfo> (0x00000000dd22ef98) thrown at [C:\re\workspace\8-2-build-windows-amd64-cygwin\jdk8u202\12323\hotspot\src\share\vm\classfile\systemDictionary.cpp, line 210]
Event: 50.755 Thread 0x000000001de97800 Exception <a 'java/lang/ClassNotFoundException': com/example/ssm/rental/entity/MessageCustomizer> (0x00000000dd24b528) thrown at [C:\re\workspace\8-2-build-windows-amd64-cygwin\jdk8u202\12323\hotspot\src\share\vm\classfile\systemDictionary.cpp, line 210]

Events (10 events):
Event: 298.720 Thread 0x0000000019372800 flushing nmethod 0x000000000439ccd0
Event: 298.721 Thread 0x0000000019372800 flushing nmethod 0x00000000043d0d90
Event: 298.721 Thread 0x0000000019372800 flushing nmethod 0x00000000043d7e90
Event: 298.722 Thread 0x0000000019372800 flushing nmethod 0x0000000004502a90
Event: 298.722 Thread 0x0000000019372800 flushing nmethod 0x0000000004546e90
Event: 298.724 Thread 0x0000000019372800 flushing nmethod 0x000000000467be50
Event: 299.263 Thread 0x000000001de97000 DEOPT PACKING pc=0x00000000043bb4ee sp=0x00000000231dc650
Event: 299.263 Thread 0x000000001de97000 DEOPT UNPACKING pc=0x0000000002e87490 sp=0x00000000231dc420 mode 0
Event: 299.422 Executing VM operation: RevokeBias
Event: 299.422 Executing VM operation: RevokeBias done


Dynamic libraries:
0x00007ff7f1950000 - 0x00007ff7f1987000 	C:\Program Files\Java\jdk1.8.0_202\jre\bin\java.exe
0x00007ff929590000 - 0x00007ff929788000 	C:\Windows\SYSTEM32\ntdll.dll
0x00007ff9291d0000 - 0x00007ff929292000 	C:\Windows\System32\KERNEL32.DLL
0x00007ff926c30000 - 0x00007ff926f2f000 	C:\Windows\System32\KERNELBASE.dll
0x00007ff9276d0000 - 0x00007ff92777f000 	C:\Windows\System32\ADVAPI32.dll
0x00007ff9293c0000 - 0x00007ff92945e000 	C:\Windows\System32\msvcrt.dll
0x00007ff928f00000 - 0x00007ff928f9f000 	C:\Windows\System32\sechost.dll
0x00007ff927850000 - 0x00007ff927973000 	C:\Windows\System32\RPCRT4.dll
0x00007ff927370000 - 0x00007ff927397000 	C:\Windows\System32\bcrypt.dll
0x00007ff928fa0000 - 0x00007ff92913d000 	C:\Windows\System32\USER32.dll
0x00007ff926f30000 - 0x00007ff926f52000 	C:\Windows\System32\win32u.dll
0x00007ff927c10000 - 0x00007ff927c3b000 	C:\Windows\System32\GDI32.dll
0x00007ff927250000 - 0x00007ff92736a000 	C:\Windows\System32\gdi32full.dll
0x00007ff9270b0000 - 0x00007ff92714d000 	C:\Windows\System32\msvcp_win.dll
0x00007ff927150000 - 0x00007ff927250000 	C:\Windows\System32\ucrtbase.dll
0x00007ff9100a0000 - 0x00007ff91033a000 	C:\Windows\WinSxS\amd64_microsoft.windows.common-controls_6595b64144ccf1df_6.0.19041.4355_none_60b8b9eb71f62e16\COMCTL32.dll
0x00007ff927c40000 - 0x00007ff927c6f000 	C:\Windows\System32\IMM32.DLL
0x00000000563f0000 - 0x00000000564c2000 	C:\Program Files\Java\jdk1.8.0_202\jre\bin\msvcr100.dll
0x0000000054b40000 - 0x00000000553e5000 	C:\Program Files\Java\jdk1.8.0_202\jre\bin\server\jvm.dll
0x00007ff929540000 - 0x00007ff929548000 	C:\Windows\System32\PSAPI.DLL
0x00007ff8ac0d0000 - 0x00007ff8ac0d9000 	C:\Windows\SYSTEM32\WSOCK32.dll
0x00007ff928a60000 - 0x00007ff928acb000 	C:\Windows\System32\WS2_32.dll
0x00007ff91d2d0000 - 0x00007ff91d2da000 	C:\Windows\SYSTEM32\VERSION.dll
0x00007ff91d2a0000 - 0x00007ff91d2c7000 	C:\Windows\SYSTEM32\WINMM.dll
0x00007ff9235e0000 - 0x00007ff9235ef000 	C:\Program Files\Java\jdk1.8.0_202\jre\bin\verify.dll
0x00007ff923590000 - 0x00007ff9235b9000 	C:\Program Files\Java\jdk1.8.0_202\jre\bin\java.dll
0x00007ff920b20000 - 0x00007ff920b36000 	C:\Program Files\Java\jdk1.8.0_202\jre\bin\zip.dll
0x00007ff928290000 - 0x00007ff9289fd000 	C:\Windows\System32\SHELL32.dll
0x00007ff9247d0000 - 0x00007ff924f74000 	C:\Windows\SYSTEM32\windows.storage.dll
0x00007ff928ba0000 - 0x00007ff928ef5000 	C:\Windows\System32\combase.dll
0x00007ff926590000 - 0x00007ff9265bb000 	C:\Windows\SYSTEM32\Wldp.dll
0x00007ff928ad0000 - 0x00007ff928b9d000 	C:\Windows\System32\OLEAUT32.dll
0x00007ff9275b0000 - 0x00007ff92765d000 	C:\Windows\System32\SHCORE.dll
0x00007ff927c70000 - 0x00007ff927cc5000 	C:\Windows\System32\shlwapi.dll
0x00007ff926b60000 - 0x00007ff926b85000 	C:\Windows\SYSTEM32\profapi.dll
0x00007ff9235d0000 - 0x00007ff9235dd000 	C:\Program Files\Java\jdk1.8.0_202\jre\bin\management.dll
0x00007ff91f3a0000 - 0x00007ff91f3ba000 	C:\Program Files\Java\jdk1.8.0_202\jre\bin\net.dll
0x00007ff911200000 - 0x00007ff9113f1000 	C:\Windows\SYSTEM32\urlmon.dll
0x00007ff9111d0000 - 0x00007ff9111f8000 	C:\Windows\SYSTEM32\srvcli.dll
0x00007ff910f10000 - 0x00007ff9111cf000 	C:\Windows\SYSTEM32\iertutil.dll
0x00007ff9260b0000 - 0x00007ff9260bc000 	C:\Windows\SYSTEM32\netutils.dll
0x00007ff9262a0000 - 0x00007ff92630c000 	C:\Windows\system32\mswsock.dll
0x00007ff908f70000 - 0x00007ff908f87000 	C:\Windows\system32\napinsp.dll
0x00007ff908f50000 - 0x00007ff908f6b000 	C:\Windows\system32\pnrpnsp.dll
0x00007ff908f30000 - 0x00007ff908f45000 	C:\Windows\system32\wshbth.dll
0x00007ff9230e0000 - 0x00007ff9230fd000 	C:\Windows\system32\NLAapi.dll
0x00007ff925fa0000 - 0x00007ff925fdb000 	C:\Windows\SYSTEM32\IPHLPAPI.DLL
0x00007ff925fe0000 - 0x00007ff9260aa000 	C:\Windows\SYSTEM32\DNSAPI.dll
0x00007ff9276c0000 - 0x00007ff9276c8000 	C:\Windows\System32\NSI.dll
0x00007ff908f10000 - 0x00007ff908f22000 	C:\Windows\System32\winrnr.dll
0x00007ff919eb0000 - 0x00007ff919eba000 	C:\Windows\System32\rasadhlp.dll
0x00007ff91c620000 - 0x00007ff91c6a0000 	C:\Windows\System32\fwpuclnt.dll
0x00007ff913b60000 - 0x00007ff913b72000 	C:\Program Files\Java\jdk1.8.0_202\jre\bin\nio.dll
0x00007ff926460000 - 0x00007ff926478000 	C:\Windows\SYSTEM32\CRYPTSP.dll
0x00007ff925bd0000 - 0x00007ff925c08000 	C:\Windows\system32\rsaenh.dll
0x00007ff926ae0000 - 0x00007ff926b0e000 	C:\Windows\SYSTEM32\USERENV.dll
0x00007ff926fb0000 - 0x00007ff927032000 	C:\Windows\System32\bcryptprimitives.dll
0x00007ff926450000 - 0x00007ff92645c000 	C:\Windows\SYSTEM32\CRYPTBASE.dll
0x00007ff920440000 - 0x00007ff920457000 	C:\Windows\SYSTEM32\dhcpcsvc6.DLL
0x00007ff920420000 - 0x00007ff92043d000 	C:\Windows\SYSTEM32\dhcpcsvc.DLL
0x00007ff913a80000 - 0x00007ff913aa4000 	C:\Program Files\Java\jdk1.8.0_202\jre\bin\sunec.dll

VM Arguments:
java_command: com.example.ssm.rental.Application
java_class_path (initial): E:\FYPyichi\USM2HOME\USM2Home\target\classes;C:\Users\jasmine0511\.m2\repository\org\springframework\boot\spring-boot-starter-web\2.1.7.RELEASE\spring-boot-starter-web-2.1.7.RELEASE.jar;C:\Users\jasmine0511\.m2\repository\org\springframework\boot\spring-boot-starter\2.1.7.RELEASE\spring-boot-starter-2.1.7.RELEASE.jar;C:\Users\jasmine0511\.m2\repository\org\springframework\boot\spring-boot-starter-logging\2.1.7.RELEASE\spring-boot-starter-logging-2.1.7.RELEASE.jar;C:\Users\jasmine0511\.m2\repository\ch\qos\logback\logback-classic\1.2.3\logback-classic-1.2.3.jar;C:\Users\jasmine0511\.m2\repository\ch\qos\logback\logback-core\1.2.3\logback-core-1.2.3.jar;C:\Users\jasmine0511\.m2\repository\org\apache\logging\log4j\log4j-to-slf4j\2.11.2\log4j-to-slf4j-2.11.2.jar;C:\Users\jasmine0511\.m2\repository\org\apache\logging\log4j\log4j-api\2.11.2\log4j-api-2.11.2.jar;C:\Users\jasmine0511\.m2\repository\org\slf4j\jul-to-slf4j\1.7.26\jul-to-slf4j-1.7.26.jar;C:\Users\jasmine0511\.m2\repository\javax\annotation\javax.annotation-api\1.3.2\javax.annotation-api-1.3.2.jar;C:\Users\jasmine0511\.m2\repository\org\yaml\snakeyaml\1.23\snakeyaml-1.23.jar;C:\Users\jasmine0511\.m2\repository\org\springframework\boot\spring-boot-starter-json\2.1.7.RELEASE\spring-boot-starter-json-2.1.7.RELEASE.jar;C:\Users\jasmine0511\.m2\repository\com\fasterxml\jackson\core\jackson-databind\2.9.9\jackson-databind-2.9.9.jar;C:\Users\jasmine0511\.m2\repository\com\fasterxml\jackson\core\jackson-annotations\2.9.0\jackson-annotations-2.9.0.jar;C:\Users\jasmine0511\.m2\repository\com\fasterxml\jackson\core\jackson-core\2.9.9\jackson-core-2.9.9.jar;C:\Users\jasmine0511\.m2\repository\com\fasterxml\jackson\datatype\jackson-datatype-jdk8\2.9.9\jackson-datatype-jdk8-2.9.9.jar;C:\Users\jasmine0511\.m2\repository\com\fasterxml\jackson\datatype\jackson-datatype-jsr310\2.9.9\jackson-datatype-jsr310-2.9.9.jar;C:\Users\jasmine0511\.m2\repository\com\fasterxml\jackson\module\jackson-module-param
Launcher Type: SUN_STANDARD

Environment Variables:
JAVA_HOME=C:\Program Files\Java\jdk1.8.0_202
CLASSPATH=.;C:\Program Files\Java\jdk1.8.0_202\lib\dt.jar;C:\Program Files\Java\jdk1.8.0_202\lib\tools.jar
PATH=C:\Program Files\Java\jdk1.8.0_202\bin;C:\ProgramData\chocolatey\bin;E:\node\;C:\Program Files\Docker\Docker\resources\bin;E:\c盘用户目录下\Desktop\tool;E:\c盘用户目录下\Desktop\tool\hadoop-3.4.1\bin;E:\c盘用户目录下\Desktop\tool\hadoop-3.4.1\sbin;C:\Users\jasmine0511\AppData\Local\Android\Sdk\platform-tools;C:\Users\jasmine0511\AppData\Local\Android\Sdk\emulator;E:\maven\apache-maven-3.9.9-bin\apache-maven-3.9.9\bin;C:\ProgramData\MySQL\MySQL Server 9.1\bin;C:\Program Files\MySQL\MySQL Shell 8.0\bin\;C:\Users\jasmine0511\AppData\Local\Programs\Python\Python310\Scripts\;C:\Users\jasmine0511\AppData\Local\Programs\Python\Python310\;C:\Users\jasmine0511\AppData\Local\Microsoft\WindowsApps;C:\Users\jasmine0511\AppData\Local\Programs\Microsoft VS Code\bin;E:\MinGW\bin;C:\ProgramData\jasmine0511\GitHubDesktop\bin;E:\pycharm\PyCharm Edu 2021.3.4\bin;;E:\IntelliJ IDEA Community Edition 2022.2.3\bin;;C:\src\flutter\bin;F:\AndriodStudio\cmdline-tools\latest\bin;C:\Users\jasmine0511\AppData\Roaming\npm;C:\Users\jasmine0511\WeChatProjects\miniprogram-2\node;E:\c盘用户目录下\Desktop\tool;C:\Users\jasmine0511\AppData\Local\Programs\cursor\resources\app\bin;C:\Users\jasmine0511\AppData\Local\Android\Sdk\platform-tools;C:\Users\jasmine0511\AppData\Local\Android\Sdk\tools;C:\Users\jasmine0511\AppData\Local\Android\Sdk\tools\bin;
USERNAME=jasmine0511
OS=Windows_NT
PROCESSOR_IDENTIFIER=AMD64 Family 23 Model 17 Stepping 0, AuthenticAMD



---------------  S Y S T E M  ---------------

OS: Windows 10.0 , 64 bit Build 19041 (10.0.19041.5438)

CPU:total 8 (initial active 8) (8 cores per cpu, 1 threads per core) family 23 model 17 stepping 0, cmov, cx8, fxsr, mmx, sse, sse2, sse3, ssse3, sse4.1, sse4.2, popcnt, avx, avx2, aes, clmul, mmxext, 3dnowpref, lzcnt, sse4a, tsc, tscinvbit, tscinv, bmi1

Memory: 4k page, physical 7294768k(803696k free), swap 15816492k(5384k free)

vm_info: Java HotSpot(TM) 64-Bit Server VM (25.202-b08) for windows-amd64 JRE (1.8.0_202-b08), built on Dec 15 2018 19:54:30 by "java_re" with MS VC++ 10.0 (VS2010)

time: Sun Apr 06 15:14:38 2025
timezone: 中国标准时间
elapsed time: 299 seconds (0d 0h 4m 59s)

