#
# There is insufficient memory for the Java Runtime Environment to continue.
# Native memory allocation (malloc) failed to allocate 131088 bytes for Chunk::new
# Possible reasons:
#   The system is out of physical RAM or swap space
#   The process is running with CompressedOops enabled, and the Java Heap may be blocking the growth of the native heap
# Possible solutions:
#   Reduce memory load on the system
#   Increase physical memory or swap space
#   Check if swap backing store is full
#   Decrease Java heap size (-Xmx/-Xms)
#   Decrease number of Java threads
#   Decrease Java thread stack sizes (-Xss)
#   Set larger code cache with -XX:ReservedCodeCacheSize=
#   JVM is running with Unscaled Compressed Oops mode in which the Java heap is
#     placed in the first 4GB address space. The Java Heap base address is the
#     maximum limit for the native heap growth. Please use -XX:HeapBaseMinAddress
#     to set the Java Heap base and to place the Java Heap above 4GB virtual address.
# This output file may be truncated or incomplete.
#
#  Out of Memory Error (allocation.cpp:389), pid=7568, tid=0x00000000000024c4
#
# JRE version: Java(TM) SE Runtime Environment (8.0_202-b08) (build 1.8.0_202-b08)
# Java VM: Java HotSpot(TM) 64-Bit Server VM (25.202-b08 mixed mode windows-amd64 compressed oops)
# Failed to write core dump. Minidumps are not enabled by default on client versions of Windows
#

---------------  T H R E A D  ---------------

Current thread (0x00000000191d5000):  JavaThread "C2 CompilerThread2" daemon [_thread_in_native, id=9412, stack(0x0000000019b40000,0x0000000019c40000)]

Stack: [0x0000000019b40000,0x0000000019c40000]
[error occurred during error reporting (printing stack bounds), id 0xc0000005]

Native frames: (J=compiled Java code, j=interpreted, Vv=VM code, C=native code)


Current CompileTask:
C2:   2065 1840       4       java.net.URLClassLoader$1::run (5 bytes)


---------------  P R O C E S S  ---------------

Java Threads: ( => current thread )
  0x0000000019258800 JavaThread "Service Thread" daemon [_thread_blocked, id=1336, stack(0x0000000019d40000,0x0000000019e40000)]
  0x00000000191de000 JavaThread "C1 CompilerThread3" daemon [_thread_in_native, id=9876, stack(0x0000000019c40000,0x0000000019d40000)]
=>0x00000000191d5000 JavaThread "C2 CompilerThread2" daemon [_thread_in_native, id=9412, stack(0x0000000019b40000,0x0000000019c40000)]
  0x00000000191d4800 JavaThread "C2 CompilerThread1" daemon [_thread_blocked, id=12176, stack(0x0000000019a40000,0x0000000019b40000)]
  0x00000000191d1800 JavaThread "C2 CompilerThread0" daemon [_thread_in_native, id=18208, stack(0x0000000019940000,0x0000000019a40000)]
  0x00000000191d0800 JavaThread "Attach Listener" daemon [_thread_blocked, id=17696, stack(0x0000000019840000,0x0000000019940000)]
  0x000000001917d000 JavaThread "Signal Dispatcher" daemon [_thread_blocked, id=16756, stack(0x0000000019740000,0x0000000019840000)]
  0x0000000019160800 JavaThread "Finalizer" daemon [_thread_blocked, id=21220, stack(0x0000000019640000,0x0000000019740000)]
  0x0000000002c58000 JavaThread "Reference Handler" daemon [_thread_blocked, id=16812, stack(0x0000000019540000,0x0000000019640000)]
  0x0000000002b63800 JavaThread "main" [_thread_in_Java, id=5684, stack(0x0000000002690000,0x0000000002790000)]

Other Threads:
  0x0000000017318000 VMThread [stack: 0x0000000019040000,0x0000000019140000] [id=15528]
  0x000000001927c800 WatcherThread [stack: 0x0000000019e40000,0x0000000019f40000] [id=15544]

VM state:not at safepoint (normal execution)

VM Mutex/Monitor currently owned by a thread: None

heap address: 0x0000000090a00000, size: 1782 MB, Compressed Oops mode: 32-bit
Narrow klass base: 0x0000000000000000, Narrow klass shift: 3
Compressed class space size: 1073741824 Address: 0x0000000100000000

Heap:
 PSYoungGen      total 33280K, used 17181K [0x00000000dae00000, 0x00000000def00000, 0x0000000100000000)
  eden space 28672K, 43% used [0x00000000dae00000,0x00000000dba4b3f0,0x00000000dca00000)
  from space 4608K, 99% used [0x00000000dca00000,0x00000000dce7c0a8,0x00000000dce80000)
  to   space 4608K, 0% used [0x00000000dea80000,0x00000000dea80000,0x00000000def00000)
 ParOldGen       total 76800K, used 5993K [0x0000000090a00000, 0x0000000095500000, 0x00000000dae00000)
  object space 76800K, 7% used [0x0000000090a00000,0x0000000090fda458,0x0000000095500000)
 Metaspace       used 16575K, capacity 16948K, committed 17152K, reserved 1064960K
  class space    used 2124K, capacity 2282K, committed 2304K, reserved 1048576K

Card table byte_map: [0x0000000012020000,0x00000000123a0000] byte_map_base: 0x0000000011b9b000

Marking Bits: (ParMarkBitMap*) 0x0000000055335ce0
 Begin Bits: [0x0000000012e00000, 0x00000000149d8000)
 End Bits:   [0x00000000149d8000, 0x00000000165b0000)

Polling page: 0x0000000000e20000

CodeCache: size=245760Kb used=6353Kb max_used=6358Kb free=239406Kb
 bounds [0x0000000002c60000, 0x00000000032a0000, 0x0000000011c60000]
 total_blobs=2302 nmethods=1927 adapters=287
 compilation: enabled

Compilation events (10 events):
Event: 2.061 Thread 0x00000000191de000 1918       3       com.google.common.collect.Maps$Values::iterator (18 bytes)
Event: 2.061 Thread 0x00000000191de000 nmethod 1918 0x0000000003291290 code [0x0000000003291460, 0x0000000003291b08]
Event: 2.061 Thread 0x00000000191de000 1919       3       com.google.common.collect.Maps$ViewCachingAbstractMap::entrySet (23 bytes)
Event: 2.062 Thread 0x00000000191de000 nmethod 1919 0x0000000003291e90 code [0x0000000003292000, 0x00000000032922a8]
Event: 2.062 Thread 0x00000000191de000 1920       3       com.google.common.collect.AbstractMapBasedMultimap$AsMap$AsMapEntries::iterator (12 bytes)
Event: 2.062 Thread 0x00000000191de000 nmethod 1920 0x0000000003292350 code [0x00000000032924e0, 0x0000000003292918]
Event: 2.062 Thread 0x00000000191de000 1913       3       com.google.inject.internal.CycleDetectingLock$CycleDetectingLockFactory$ReentrantCycleDetectingLock::detectPotentialLocksCycle (76 bytes)
Event: 2.062 Thread 0x00000000191de000 nmethod 1913 0x0000000003292b10 code [0x0000000003292ce0, 0x00000000032932d8]
Event: 2.062 Thread 0x00000000191de000 1923       3       java.lang.System::checkKey (34 bytes)
Event: 2.063 Thread 0x00000000191de000 nmethod 1923 0x0000000003293510 code [0x00000000032936a0, 0x0000000003293a88]

GC Heap History (6 events):
Event: 0.994 GC heap before
{Heap before GC invocations=1 (full 0):
 PSYoungGen      total 33280K, used 28672K [0x00000000dae00000, 0x00000000dd300000, 0x0000000100000000)
  eden space 28672K, 100% used [0x00000000dae00000,0x00000000dca00000,0x00000000dca00000)
  from space 4608K, 0% used [0x00000000dce80000,0x00000000dce80000,0x00000000dd300000)
  to   space 4608K, 0% used [0x00000000dca00000,0x00000000dca00000,0x00000000dce80000)
 ParOldGen       total 76800K, used 0K [0x0000000090a00000, 0x0000000095500000, 0x00000000dae00000)
  object space 76800K, 0% used [0x0000000090a00000,0x0000000090a00000,0x0000000095500000)
 Metaspace       used 9920K, capacity 10244K, committed 10368K, reserved 1058816K
  class space    used 1234K, capacity 1376K, committed 1408K, reserved 1048576K
Event: 1.000 GC heap after
Heap after GC invocations=1 (full 0):
 PSYoungGen      total 33280K, used 4584K [0x00000000dae00000, 0x00000000dd300000, 0x0000000100000000)
  eden space 28672K, 0% used [0x00000000dae00000,0x00000000dae00000,0x00000000dca00000)
  from space 4608K, 99% used [0x00000000dca00000,0x00000000dce7a0b8,0x00000000dce80000)
  to   space 4608K, 0% used [0x00000000dce80000,0x00000000dce80000,0x00000000dd300000)
 ParOldGen       total 76800K, used 1337K [0x0000000090a00000, 0x0000000095500000, 0x00000000dae00000)
  object space 76800K, 1% used [0x0000000090a00000,0x0000000090b4e508,0x0000000095500000)
 Metaspace       used 9920K, capacity 10244K, committed 10368K, reserved 1058816K
  class space    used 1234K, capacity 1376K, committed 1408K, reserved 1048576K
}
Event: 1.325 GC heap before
{Heap before GC invocations=2 (full 0):
 PSYoungGen      total 33280K, used 33256K [0x00000000dae00000, 0x00000000dd300000, 0x0000000100000000)
  eden space 28672K, 100% used [0x00000000dae00000,0x00000000dca00000,0x00000000dca00000)
  from space 4608K, 99% used [0x00000000dca00000,0x00000000dce7a0b8,0x00000000dce80000)
  to   space 4608K, 0% used [0x00000000dce80000,0x00000000dce80000,0x00000000dd300000)
 ParOldGen       total 76800K, used 1337K [0x0000000090a00000, 0x0000000095500000, 0x00000000dae00000)
  object space 76800K, 1% used [0x0000000090a00000,0x0000000090b4e508,0x0000000095500000)
 Metaspace       used 11533K, capacity 11852K, committed 12160K, reserved 1060864K
  class space    used 1433K, capacity 1540K, committed 1664K, reserved 1048576K
Event: 1.331 GC heap after
Heap after GC invocations=2 (full 0):
 PSYoungGen      total 33280K, used 4594K [0x00000000dae00000, 0x00000000def00000, 0x0000000100000000)
  eden space 28672K, 0% used [0x00000000dae00000,0x00000000dae00000,0x00000000dca00000)
  from space 4608K, 99% used [0x00000000dce80000,0x00000000dd2fc918,0x00000000dd300000)
  to   space 4608K, 0% used [0x00000000dca00000,0x00000000dca00000,0x00000000dce80000)
 ParOldGen       total 76800K, used 2836K [0x0000000090a00000, 0x0000000095500000, 0x00000000dae00000)
  object space 76800K, 3% used [0x0000000090a00000,0x0000000090cc53a8,0x0000000095500000)
 Metaspace       used 11533K, capacity 11852K, committed 12160K, reserved 1060864K
  class space    used 1433K, capacity 1540K, committed 1664K, reserved 1048576K
}
Event: 1.774 GC heap before
{Heap before GC invocations=3 (full 0):
 PSYoungGen      total 33280K, used 33266K [0x00000000dae00000, 0x00000000def00000, 0x0000000100000000)
  eden space 28672K, 100% used [0x00000000dae00000,0x00000000dca00000,0x00000000dca00000)
  from space 4608K, 99% used [0x00000000dce80000,0x00000000dd2fc918,0x00000000dd300000)
  to   space 4608K, 0% used [0x00000000dca00000,0x00000000dca00000,0x00000000dce80000)
 ParOldGen       total 76800K, used 2836K [0x0000000090a00000, 0x0000000095500000, 0x00000000dae00000)
  object space 76800K, 3% used [0x0000000090a00000,0x0000000090cc53a8,0x0000000095500000)
 Metaspace       used 15095K, capacity 15500K, committed 15744K, reserved 1062912K
  class space    used 1897K, capacity 2082K, committed 2176K, reserved 1048576K
Event: 1.781 GC heap after
Heap after GC invocations=3 (full 0):
 PSYoungGen      total 33280K, used 4592K [0x00000000dae00000, 0x00000000def00000, 0x0000000100000000)
  eden space 28672K, 0% used [0x00000000dae00000,0x00000000dae00000,0x00000000dca00000)
  from space 4608K, 99% used [0x00000000dca00000,0x00000000dce7c0a8,0x00000000dce80000)
  to   space 4608K, 0% used [0x00000000dea80000,0x00000000dea80000,0x00000000def00000)
 ParOldGen       total 76800K, used 5993K [0x0000000090a00000, 0x0000000095500000, 0x00000000dae00000)
  object space 76800K, 7% used [0x0000000090a00000,0x0000000090fda458,0x0000000095500000)
 Metaspace       used 15095K, capacity 15500K, committed 15744K, reserved 1062912K
  class space    used 1897K, capacity 2082K, committed 2176K, reserved 1048576K
}

Deoptimization events (10 events):
Event: 1.104 Thread 0x0000000002b63800 Uncommon trap: reason=unstable_if action=reinterpret pc=0x0000000002f30300 method=java.util.HashMap.getNode(ILjava/lang/Object;)Ljava/util/HashMap$Node; @ 129
Event: 1.105 Thread 0x0000000002b63800 Uncommon trap: reason=unstable_if action=reinterpret pc=0x0000000002f26d6c method=java.util.HashMap.getNode(ILjava/lang/Object;)Ljava/util/HashMap$Node; @ 129
Event: 1.130 Thread 0x0000000002b63800 Uncommon trap: reason=unstable_if action=reinterpret pc=0x0000000002e96f88 method=sun.misc.MetaIndex.mayContain(Ljava/lang/String;)Z @ 38
Event: 1.130 Thread 0x0000000002b63800 Uncommon trap: reason=unstable_if action=reinterpret pc=0x0000000002f7fe28 method=java.nio.charset.CharsetDecoder.decode(Ljava/nio/ByteBuffer;Ljava/nio/CharBuffer;Z)Ljava/nio/charset/CoderResult; @ 1
Event: 1.643 Thread 0x0000000002b63800 Uncommon trap: reason=array_check action=maybe_recompile pc=0x00000000031449c4 method=java.util.stream.Nodes$FixedNodeBuilder.accept(Ljava/lang/Object;)V @ 28
Event: 1.643 Thread 0x0000000002b63800 Uncommon trap: reason=array_check action=maybe_recompile pc=0x00000000031449c4 method=java.util.stream.Nodes$FixedNodeBuilder.accept(Ljava/lang/Object;)V @ 28
Event: 1.644 Thread 0x0000000002b63800 Uncommon trap: reason=array_check action=maybe_recompile pc=0x00000000031449c4 method=java.util.stream.Nodes$FixedNodeBuilder.accept(Ljava/lang/Object;)V @ 28
Event: 1.644 Thread 0x0000000002b63800 Uncommon trap: reason=array_check action=maybe_recompile pc=0x00000000031449c4 method=java.util.stream.Nodes$FixedNodeBuilder.accept(Ljava/lang/Object;)V @ 28
Event: 1.762 Thread 0x0000000002b63800 Uncommon trap: reason=unstable_if action=reinterpret pc=0x00000000030046c8 method=java.lang.ClassLoader.checkName(Ljava/lang/String;)Z @ 1
Event: 2.026 Thread 0x0000000002b63800 Uncommon trap: reason=predicate action=maybe_recompile pc=0x0000000002ef9afc method=sun.net.www.ParseUtil.encodePath(Ljava/lang/String;Z)Ljava/lang/String; @ 36

Classes redefined (0 events):
No events

Internal exceptions (10 events):
Event: 0.823 Thread 0x0000000002b63800 Exception <a 'java/lang/NoSuchMethodError': java.lang.Object.lambda$comparing$ea9a8b3a$1(Ljava/util/Comparator;Ljava/util/function/Function;Ljava/lang/Object;Ljava/lang/Object;)I> (0x00000000dc2ab1b0) thrown at [C:\re\workspace\8-2-build-windows-amd64-cyg
Event: 0.823 Thread 0x0000000002b63800 Exception <a 'java/lang/NoSuchMethodError': java.lang.Object.lambda$thenComparing$36697e65$1(Ljava/util/Comparator;Ljava/lang/Object;Ljava/lang/Object;)I> (0x00000000dc2b3168) thrown at [C:\re\workspace\8-2-build-windows-amd64-cygwin\jdk8u202\12323\hotspo
Event: 0.916 Thread 0x0000000002b63800 Exception <a 'java/lang/ArrayIndexOutOfBoundsException'> (0x00000000dc5f90e0) thrown at [C:\re\workspace\8-2-build-windows-amd64-cygwin\jdk8u202\12323\hotspot\src\share\vm\runtime\sharedRuntime.cpp, line 605]
Event: 0.927 Thread 0x0000000002b63800 Exception <a 'java/lang/ArrayIndexOutOfBoundsException'> (0x00000000dc660588) thrown at [C:\re\workspace\8-2-build-windows-amd64-cygwin\jdk8u202\12323\hotspot\src\share\vm\runtime\sharedRuntime.cpp, line 605]
Event: 0.932 Thread 0x0000000002b63800 Exception <a 'java/lang/NoClassDefFoundError': javax/enterprise/inject/Typed> (0x00000000dc68ff30) thrown at [C:\re\workspace\8-2-build-windows-amd64-cygwin\jdk8u202\12323\hotspot\src\share\vm\classfile\systemDictionary.cpp, line 199]
Event: 1.052 Thread 0x0000000002b63800 Exception <a 'java/lang/ArrayIndexOutOfBoundsException'> (0x00000000db25f380) thrown at [C:\re\workspace\8-2-build-windows-amd64-cygwin\jdk8u202\12323\hotspot\src\share\vm\runtime\sharedRuntime.cpp, line 605]
Event: 1.054 Thread 0x0000000002b63800 Exception <a 'java/lang/ArrayIndexOutOfBoundsException'> (0x00000000db260f10) thrown at [C:\re\workspace\8-2-build-windows-amd64-cygwin\jdk8u202\12323\hotspot\src\share\vm\runtime\sharedRuntime.cpp, line 605]
Event: 1.762 Thread 0x0000000002b63800 Implicit null exception at 0x000000000300450c to 0x00000000030046b9
Event: 2.024 Thread 0x0000000002b63800 Exception <a 'java/lang/NoClassDefFoundError': com/google/inject/servlet/ServletModuleTargetVisitor> (0x00000000db8d43d0) thrown at [C:\re\workspace\8-2-build-windows-amd64-cygwin\jdk8u202\12323\hotspot\src\share\vm\classfile\systemDictionary.cpp, line 19
Event: 2.024 Thread 0x0000000002b63800 Exception <a 'java/lang/NoClassDefFoundError'> (0x00000000db8d43d0) thrown at [C:\re\workspace\8-2-build-windows-amd64-cygwin\jdk8u202\12323\hotspot\src\share\vm\prims\jvm.cpp, line 1506]

Events (10 events):
Event: 2.043 loading class org/apache/maven/model/Developer done
Event: 2.044 loading class org/apache/maven/model/merge/ModelMerger$KeyComputer
Event: 2.044 loading class org/apache/maven/model/merge/ModelMerger$KeyComputer done
Event: 2.050 loading class org/eclipse/sisu/wire/EntryMapAdapter
Event: 2.050 loading class org/eclipse/sisu/wire/EntryMapAdapter done
Event: 2.050 loading class org/eclipse/sisu/wire/EntryMapAdapter$EntrySet
Event: 2.050 loading class org/eclipse/sisu/wire/EntryMapAdapter$EntrySet done
Event: 2.060 loading class org/eclipse/sisu/inject/Guice4$2
Event: 2.060 loading class org/eclipse/sisu/inject/Guice4$2 done
Event: 2.062 loading class java/util/Random


Dynamic libraries:
0x00007ff72daa0000 - 0x00007ff72dad7000 	C:\Program Files\Java\jdk1.8.0_202\bin\java.exe
0x00007ff929590000 - 0x00007ff929788000 	C:\Windows\SYSTEM32\ntdll.dll
0x00007ff9291d0000 - 0x00007ff929292000 	C:\Windows\System32\KERNEL32.DLL
0x00007ff926c30000 - 0x00007ff926f2f000 	C:\Windows\System32\KERNELBASE.dll
0x00007ff9276d0000 - 0x00007ff92777f000 	C:\Windows\System32\ADVAPI32.dll
0x00007ff9293c0000 - 0x00007ff92945e000 	C:\Windows\System32\msvcrt.dll
0x00007ff928f00000 - 0x00007ff928f9f000 	C:\Windows\System32\sechost.dll
0x00007ff927850000 - 0x00007ff927973000 	C:\Windows\System32\RPCRT4.dll
0x00007ff927370000 - 0x00007ff927397000 	C:\Windows\System32\bcrypt.dll
0x00007ff928fa0000 - 0x00007ff92913d000 	C:\Windows\System32\USER32.dll
0x00007ff926f30000 - 0x00007ff926f52000 	C:\Windows\System32\win32u.dll
0x00007ff927c10000 - 0x00007ff927c3b000 	C:\Windows\System32\GDI32.dll
0x00007ff927250000 - 0x00007ff92736a000 	C:\Windows\System32\gdi32full.dll
0x00007ff9270b0000 - 0x00007ff92714d000 	C:\Windows\System32\msvcp_win.dll
0x00007ff927150000 - 0x00007ff927250000 	C:\Windows\System32\ucrtbase.dll
0x00007ff9100a0000 - 0x00007ff91033a000 	C:\Windows\WinSxS\amd64_microsoft.windows.common-controls_6595b64144ccf1df_6.0.19041.4355_none_60b8b9eb71f62e16\COMCTL32.dll
0x00007ff927c40000 - 0x00007ff927c6f000 	C:\Windows\System32\IMM32.DLL
0x0000000056370000 - 0x0000000056442000 	C:\Program Files\Java\jdk1.8.0_202\jre\bin\msvcr100.dll
0x0000000054b10000 - 0x00000000553b5000 	C:\Program Files\Java\jdk1.8.0_202\jre\bin\server\jvm.dll
0x00007ff929540000 - 0x00007ff929548000 	C:\Windows\System32\PSAPI.DLL
0x00007ff8ac0d0000 - 0x00007ff8ac0d9000 	C:\Windows\SYSTEM32\WSOCK32.dll
0x00007ff91d2a0000 - 0x00007ff91d2c7000 	C:\Windows\SYSTEM32\WINMM.dll
0x00007ff91d2d0000 - 0x00007ff91d2da000 	C:\Windows\SYSTEM32\VERSION.dll
0x00007ff928a60000 - 0x00007ff928acb000 	C:\Windows\System32\WS2_32.dll
0x00007ff923560000 - 0x00007ff92356f000 	C:\Program Files\Java\jdk1.8.0_202\jre\bin\verify.dll
0x00007ff9122a0000 - 0x00007ff9122c9000 	C:\Program Files\Java\jdk1.8.0_202\jre\bin\java.dll
0x00007ff920b20000 - 0x00007ff920b36000 	C:\Program Files\Java\jdk1.8.0_202\jre\bin\zip.dll
0x00007ff928290000 - 0x00007ff9289fd000 	C:\Windows\System32\SHELL32.dll
0x00007ff9247d0000 - 0x00007ff924f74000 	C:\Windows\SYSTEM32\windows.storage.dll
0x00007ff928ba0000 - 0x00007ff928ef5000 	C:\Windows\System32\combase.dll
0x00007ff926590000 - 0x00007ff9265bb000 	C:\Windows\SYSTEM32\Wldp.dll
0x00007ff928ad0000 - 0x00007ff928b9d000 	C:\Windows\System32\OLEAUT32.dll
0x00007ff9275b0000 - 0x00007ff92765d000 	C:\Windows\System32\SHCORE.dll
0x00007ff927c70000 - 0x00007ff927cc5000 	C:\Windows\System32\shlwapi.dll
0x00007ff926b60000 - 0x00007ff926b85000 	C:\Windows\SYSTEM32\profapi.dll
0x00007ff91f3a0000 - 0x00007ff91f3ba000 	C:\Program Files\Java\jdk1.8.0_202\jre\bin\net.dll
0x00007ff911200000 - 0x00007ff9113f1000 	C:\Windows\SYSTEM32\urlmon.dll
0x00007ff9111d0000 - 0x00007ff9111f8000 	C:\Windows\SYSTEM32\srvcli.dll
0x00007ff910f10000 - 0x00007ff9111cf000 	C:\Windows\SYSTEM32\iertutil.dll
0x00007ff9260b0000 - 0x00007ff9260bc000 	C:\Windows\SYSTEM32\netutils.dll
0x00007ff9262a0000 - 0x00007ff92630c000 	C:\Windows\system32\mswsock.dll
0x00007ff913a30000 - 0x00007ff913a42000 	C:\Program Files\Java\jdk1.8.0_202\jre\bin\nio.dll
0x00007ff90bae0000 - 0x00007ff90bb04000 	E:\maven\apache-maven-3.9.9-bin\apache-maven-3.9.9\lib\jansi-native\Windows\x86_64\jansi.dll

VM Arguments:
jvm_args: -Dclassworlds.conf=E:\maven\apache-maven-3.9.9-bin\apache-maven-3.9.9\bin\m2.conf -Dmaven.home=E:\maven\apache-maven-3.9.9-bin\apache-maven-3.9.9 -Dlibrary.jansi.path=E:\maven\apache-maven-3.9.9-bin\apache-maven-3.9.9\lib\jansi-native -Dmaven.multiModuleProjectDirectory=E:\FYPyichi\USM2HOME\USM2Home 
java_command: org.codehaus.plexus.classworlds.launcher.Launcher spring-boot:run
java_class_path (initial): E:\maven\apache-maven-3.9.9-bin\apache-maven-3.9.9\boot\plexus-classworlds-2.8.0.jar
Launcher Type: SUN_STANDARD

Environment Variables:
JAVA_HOME=C:\Program Files\Java\jdk1.8.0_202
CLASSPATH=.;C:\Program Files\Java\jdk1.8.0_202\lib\dt.jar;C:\Program Files\Java\jdk1.8.0_202\lib\tools.jar
PATH=C:\Program Files\Java\jdk1.8.0_202\bin;C:\ProgramData\chocolatey\bin;E:\node\;C:\Program Files\Docker\Docker\resources\bin;E:\c盘用户目录下\Desktop\tool;E:\c盘用户目录下\Desktop\tool\hadoop-3.4.1\bin;E:\c盘用户目录下\Desktop\tool\hadoop-3.4.1\sbin;C:\Users\jasmine0511\AppData\Local\Android\Sdk\platform-tools;C:\Users\jasmine0511\AppData\Local\Android\Sdk\emulator;E:\maven\apache-maven-3.9.9-bin\apache-maven-3.9.9\bin;C:\ProgramData\MySQL\MySQL Server 9.1\bin;C:\Program Files\MySQL\MySQL Shell 8.0\bin\;C:\Users\jasmine0511\AppData\Local\Programs\Python\Python310\Scripts\;C:\Users\jasmine0511\AppData\Local\Programs\Python\Python310\;C:\Users\jasmine0511\AppData\Local\Microsoft\WindowsApps;C:\Users\jasmine0511\AppData\Local\Programs\Microsoft VS Code\bin;E:\MinGW\bin;C:\ProgramData\jasmine0511\GitHubDesktop\bin;E:\pycharm\PyCharm Edu 2021.3.4\bin;;E:\IntelliJ IDEA Community Edition 2022.2.3\bin;;C:\src\flutter\bin;F:\AndriodStudio\cmdline-tools\latest\bin;C:\Users\jasmine0511\AppData\Roaming\npm;C:\Users\jasmine0511\WeChatProjects\miniprogram-2\node;E:\c盘用户目录下\Desktop\tool;C:\Users\jasmine0511\AppData\Local\Programs\cursor\resources\app\bin;C:\Users\jasmine0511\AppData\Local\Android\Sdk\platform-tools;C:\Users\jasmine0511\AppData\Local\Android\Sdk\tools;C:\Users\jasmine0511\AppData\Local\Android\Sdk\tools\bin;
USERNAME=jasmine0511
OS=Windows_NT
PROCESSOR_IDENTIFIER=AMD64 Family 23 Model 17 Stepping 0, AuthenticAMD



---------------  S Y S T E M  ---------------

OS: Windows 10.0 , 64 bit Build 19041 (10.0.19041.5438)

CPU:total 8 (initial active 8) (8 cores per cpu, 1 threads per core) family 23 model 17 stepping 0, cmov, cx8, fxsr, mmx, sse, sse2, sse3, ssse3, sse4.1, sse4.2, popcnt, avx, avx2, aes, clmul, mmxext, 3dnowpref, lzcnt, sse4a, tsc, tscinvbit, tscinv, bmi1

Memory: 4k page, physical 7294768k(546700k free), swap 15816492k(3236k free)

vm_info: Java HotSpot(TM) 64-Bit Server VM (25.202-b08) for windows-amd64 JRE (1.8.0_202-b08), built on Dec 15 2018 19:54:30 by "java_re" with MS VC++ 10.0 (VS2010)

time: Sun Apr 06 02:02:29 2025
timezone: 中国标准时间
elapsed time: 2 seconds (0d 0h 0m 2s)

